<?xml version="1.0" encoding="utf-8"?><testsuites name="pytest tests"><testsuite name="pytest" errors="0" failures="0" skipped="0" tests="7" time="0.674" timestamp="2026-06-20T12:55:45.006054+00:00" hostname="agent-env-257dbadb-552e-4ec4-ad22-d9e069d19c45"><testcase classname="backend.tests.test_portfolio_api.TestHealth" name="test_health_ok_and_reports_resend_unconfigured" time="0.249" /><testcase classname="backend.tests.test_portfolio_api.TestContactPost" name="test_post_valid_payload_received" time="0.090" /><testcase classname="backend.tests.test_portfolio_api.TestContactPost" name="test_post_invalid_email_returns_422" time="0.043" /><testcase classname="backend.tests.test_portfolio_api.TestContactPost" name="test_post_missing_message_returns_422" time="0.040" /><testcase classname="backend.tests.test_portfolio_api.TestContactPost" name="test_post_missing_name_returns_422" time="0.083" /><testcase classname="backend.tests.test_portfolio_api.TestContactPost" name="test_post_empty_name_returns_422" time="0.042" /><testcase classname="backend.tests.test_portfolio_api.TestContactList" name="test_list_returns_json_array" time="0.046" /></testsuite></testsuites>